# JRE version: Java(TM) SE Runtime Environment (8.0_91-b14) (build 1.8.0_91-b14)
# Java VM: Java HotSpot(TM) 64-Bit Server VM (25.91-b14 mixed mode windows-amd64 compressed oops)
Heap:
 PSYoungGen      total 141824K, used 10750K [0x000000076b380000, 0x000000077e380000, 0x00000007c0000000)
  eden space 131072K, 0% used [0x000000076b380000,0x000000076b380000,0x0000000773380000)
  from space 10752K, 99% used [0x0000000773380000,0x0000000773dffaa8,0x0000000773e00000)
  to   space 24576K, 0% used [0x000000077cb80000,0x000000077cb80000,0x000000077e380000)
 ParOldGen       total 175104K, used 18246K [0x00000006c1a00000, 0x00000006cc500000, 0x000000076b380000)
  object space 175104K, 10% used [0x00000006c1a00000,0x00000006c2bd1a58,0x00000006cc500000)
 Metaspace       used 20797K, capacity 21232K, committed 21296K, reserved 1069056K
  class space    used 2414K, capacity 2584K, committed 2608K, reserved 1048576K
GC Heap History (10 events):
Event: 2.838 GC heap after
Heap after GC invocations=1 (full 0):
 PSYoungGen      total 76288K, used 10382K [0x000000076b380000, 0x0000000770880000, 0x00000007c0000000)
  eden space 65536K, 0% used [0x000000076b380000,0x000000076b380000,0x000000076f380000)
  from space 10752K, 96% used [0x000000076f380000,0x000000076fda3bc0,0x000000076fe00000)
  to   space 10752K, 0% used [0x000000076fe00000,0x000000076fe00000,0x0000000770880000)
 ParOldGen       total 175104K, used 16K [0x00000006c1a00000, 0x00000006cc500000, 0x000000076b380000)
  object space 175104K, 0% used [0x00000006c1a00000,0x00000006c1a04000,0x00000006cc500000)
 Metaspace       used 11803K, capacity 12008K, committed 12288K, reserved 1060864K
  class space    used 1460K, capacity 1505K, committed 1536K, reserved 1048576K
}
Event: 4.003 GC heap before
{Heap before GC invocations=2 (full 0):
 PSYoungGen      total 76288K, used 75918K [0x000000076b380000, 0x0000000770880000, 0x00000007c0000000)
  eden space 65536K, 100% used [0x000000076b380000,0x000000076f380000,0x000000076f380000)
  from space 10752K, 96% used [0x000000076f380000,0x000000076fda3bc0,0x000000076fe00000)
  to   space 10752K, 0% used [0x000000076fe00000,0x000000076fe00000,0x0000000770880000)
 ParOldGen       total 175104K, used 16K [0x00000006c1a00000, 0x00000006cc500000, 0x000000076b380000)
  object space 175104K, 0% used [0x00000006c1a00000,0x00000006c1a04000,0x00000006cc500000)
 Metaspace       used 12504K, capacity 12746K, committed 12928K, reserved 1060864K
  class space    used 1516K, capacity 1578K, committed 1664K, reserved 1048576K
Event: 4.022 GC heap after
Heap after GC invocations=2 (full 0):
 PSYoungGen      total 76288K, used 7718K [0x000000076b380000, 0x0000000774880000, 0x00000007c0000000)
  eden space 65536K, 0% used [0x000000076b380000,0x000000076b380000,0x000000076f380000)
  from space 10752K, 71% used [0x000000076fe00000,0x00000007705899c0,0x0000000770880000)
  to   space 10752K, 0% used [0x000000076f380000,0x000000076f380000,0x000000076fe00000)
 ParOldGen       total 175104K, used 24K [0x00000006c1a00000, 0x00000006cc500000, 0x000000076b380000)
  object space 175104K, 0% used [0x00000006c1a00000,0x00000006c1a06000,0x00000006cc500000)
 Metaspace       used 12504K, capacity 12746K, committed 12928K, reserved 1060864K
  class space    used 1516K, capacity 1578K, committed 1664K, reserved 1048576K
}
Event: 5.185 GC heap before
{Heap before GC invocations=3 (full 0):
 PSYoungGen      total 76288K, used 73254K [0x000000076b380000, 0x0000000774880000, 0x00000007c0000000)
  eden space 65536K, 100% used [0x000000076b380000,0x000000076f380000,0x000000076f380000)
  from space 10752K, 71% used [0x000000076fe00000,0x00000007705899c0,0x0000000770880000)
  to   space 10752K, 0% used [0x000000076f380000,0x000000076f380000,0x000000076fe00000)
 ParOldGen       total 175104K, used 24K [0x00000006c1a00000, 0x00000006cc500000, 0x000000076b380000)
  object space 175104K, 0% used [0x00000006c1a00000,0x00000006c1a06000,0x00000006cc500000)
 Metaspace       used 12725K, capacity 13002K, committed 13184K, reserved 1060864K
  class space    used 1524K, capacity 1617K, committed 1664K, reserved 1048576K
Event: 5.209 GC heap after
Heap after GC invocations=3 (full 0):
 PSYoungGen      total 76288K, used 10272K [0x000000076b380000, 0x0000000774880000, 0x00000007c0000000)
  eden space 65536K, 0% used [0x000000076b380000,0x000000076b380000,0x000000076f380000)
  from space 10752K, 95% used [0x000000076f380000,0x000000076fd88020,0x000000076fe00000)
  to   space 10752K, 0% used [0x0000000773e00000,0x0000000773e00000,0x0000000774880000)
 ParOldGen       total 175104K, used 32K [0x00000006c1a00000, 0x00000006cc500000, 0x000000076b380000)
  object space 175104K, 0% used [0x00000006c1a00000,0x00000006c1a08000,0x00000006cc500000)
 Metaspace       used 12725K, capacity 13002K, committed 13184K, reserved 1060864K
  class space    used 1524K, capacity 1617K, committed 1664K, reserved 1048576K
}
Event: 9.196 GC heap before
{Heap before GC invocations=4 (full 0):
 PSYoungGen      total 76288K, used 75808K [0x000000076b380000, 0x0000000774880000, 0x00000007c0000000)
  eden space 65536K, 100% used [0x000000076b380000,0x000000076f380000,0x000000076f380000)
  from space 10752K, 95% used [0x000000076f380000,0x000000076fd88020,0x000000076fe00000)
  to   space 10752K, 0% used [0x0000000773e00000,0x0000000773e00000,0x0000000774880000)
 ParOldGen       total 175104K, used 32K [0x00000006c1a00000, 0x00000006cc500000, 0x000000076b380000)
  object space 175104K, 0% used [0x00000006c1a00000,0x00000006c1a08000,0x00000006cc500000)
 Metaspace       used 14193K, capacity 14526K, committed 14720K, reserved 1062912K
  class space    used 1677K, capacity 1799K, committed 1920K, reserved 1048576K
Event: 9.231 GC heap after
Heap after GC invocations=4 (full 0):
 PSYoungGen      total 141824K, used 10736K [0x000000076b380000, 0x0000000774880000, 0x00000007c0000000)
  eden space 131072K, 0% used [0x000000076b380000,0x000000076b380000,0x0000000773380000)
  from space 10752K, 99% used [0x0000000773e00000,0x000000077487c010,0x0000000774880000)
  to   space 10752K, 0% used [0x0000000773380000,0x0000000773380000,0x0000000773e00000)
 ParOldGen       total 175104K, used 3141K [0x00000006c1a00000, 0x00000006cc500000, 0x000000076b380000)
  object space 175104K, 1% used [0x00000006c1a00000,0x00000006c1d11740,0x00000006cc500000)
 Metaspace       used 14193K, capacity 14526K, committed 14720K, reserved 1062912K
  class space    used 1677K, capacity 1799K, committed 1920K, reserved 1048576K
}
Event: 14.159 GC heap before
{Heap before GC invocations=5 (full 0):
 PSYoungGen      total 141824K, used 110158K [0x000000076b380000, 0x0000000774880000, 0x00000007c0000000)
  eden space 131072K, 75% used [0x000000076b380000,0x00000007714978f0,0x0000000773380000)
  from space 10752K, 99% used [0x0000000773e00000,0x000000077487c010,0x0000000774880000)
  to   space 10752K, 0% used [0x0000000773380000,0x0000000773380000,0x0000000773e00000)
 ParOldGen       total 175104K, used 3141K [0x00000006c1a00000, 0x00000006cc500000, 0x000000076b380000)
  object space 175104K, 1% used [0x00000006c1a00000,0x00000006c1d11740,0x00000006cc500000)
 Metaspace       used 20797K, capacity 21232K, committed 21296K, reserved 1069056K
  class space    used 2414K, capacity 2584K, committed 2608K, reserved 1048576K
Event: 14.209 GC heap after
Heap after GC invocations=5 (full 0):
 PSYoungGen      total 141824K, used 10750K [0x000000076b380000, 0x000000077e380000, 0x00000007c0000000)
  eden space 131072K, 0% used [0x000000076b380000,0x000000076b380000,0x0000000773380000)
  from space 10752K, 99% used [0x0000000773380000,0x0000000773dffaa8,0x0000000773e00000)
  to   space 24576K, 0% used [0x000000077cb80000,0x000000077cb80000,0x000000077e380000)
 ParOldGen       total 175104K, used 18246K [0x00000006c1a00000, 0x00000006cc500000, 0x000000076b380000)
  object space 175104K, 10% used [0x00000006c1a00000,0x00000006c2bd1a58,0x00000006cc500000)
 Metaspace       used 20797K, capacity 21232K, committed 21296K, reserved 1069056K
  class space    used 2414K, capacity 2584K, committed 2608K, reserved 1048576K
}
Event: 14.209 GC heap before
{Heap before GC invocations=6 (full 1):
 PSYoungGen      total 141824K, used 10750K [0x000000076b380000, 0x000000077e380000, 0x00000007c0000000)
  eden space 131072K, 0% used [0x000000076b380000,0x000000076b380000,0x0000000773380000)
  from space 10752K, 99% used [0x0000000773380000,0x0000000773dffaa8,0x0000000773e00000)
  to   space 24576K, 0% used [0x000000077cb80000,0x000000077cb80000,0x000000077e380000)
 ParOldGen       total 175104K, used 18246K [0x00000006c1a00000, 0x00000006cc500000, 0x000000076b380000)
  object space 175104K, 10% used [0x00000006c1a00000,0x00000006c2bd1a58,0x00000006cc500000)
 Metaspace       used 20797K, capacity 21232K, committed 21296K, reserved 1069056K
  class space    used 2414K, capacity 2584K, committed 2608K, reserved 1048576K

